Active-HDL 13.0.375.8320 2023-07-04 22:25:54

Elaboration top modules:
Architecture                  TB_ARCHITECTURE(edgedetector_tb)


------------------------------------------------------------------------------------------------------------
Entity          | Architecture    | Library        | Info | Compiler Version          | Compilation Options
------------------------------------------------------------------------------------------------------------
edgedetector_tb | TB_ARCHITECTURE | project_group6 |      | 13.0.375.8320 (Windows64) | -O3
edgeDetector    | arch            | project_group6 |      | 13.0.375.8320 (Windows64) | -O3
------------------------------------------------------------------------------------------------------------

------------------------------------------------------------------------------------------------------------
VHDL Package                      | Library        | Info | Compiler Version          | Compilation Options
------------------------------------------------------------------------------------------------------------
standard                          | std            |      |                           | <unavailable>
TEXTIO                            | std            |      | 13.0.375.8320 (Windows64) |  -2019
std_logic_1164                    | ieee           |      | 13.0.375.8320 (Windows64) |  -2008
------------------------------------------------------------------------------------------------------------

------------------------------------------------------------------------------------------------------------
Library                           | Comment
------------------------------------------------------------------------------------------------------------
ieee                              | Standard IEEE packages library
project_group6                    | None
std                               | Standard VHDL library
------------------------------------------------------------------------------------------------------------
